time="2024-07-09T12:02:27+03:00" level=info msg="Создание роутера" func="main.main()" file="main.go:19"
time="2024-07-09T12:49:08+03:00" level=info msg="Создание роутера" func="main.main()" file="main.go:19"
time="2024-07-09T12:51:20+03:00" level=info msg="Создание роутера" func="main.main()" file="main.go:19"
time="2024-07-09T12:51:20+03:00" level=info msg="запуск сервера" func="main.start()" file="main.go:55"
time="2024-07-09T17:42:29+03:00" level=info msg="чтение конфига" func="rest-api-server/internal/config.GetConfig.func1()" file="config.go:25"
time="2024-07-09T17:42:29+03:00" level=info msg="Создание роутера" func="main.main()" file="main.go:27"
time="2024-07-09T17:42:29+03:00" level=info msg="создание листинга tcp" func="main.start()" file="main.go:68"
time="2024-07-09T17:42:29+03:00" level=info msg="сервер запущен" func="main.start()" file="main.go:84"
time="2024-07-09T17:56:17+03:00" level=info msg="чтение конфига" func="rest-api-server/internal/config.GetConfig.func1()" file="config.go:25"
time="2024-07-09T17:56:17+03:00" level=info msg="Создание роутера" func="main.main()" file="main.go:27"
time="2024-07-09T17:56:17+03:00" level=info msg="создание листинга tcp" func="main.start()" file="main.go:68"
time="2024-07-09T17:56:17+03:00" level=info msg="сервер запущен на 0.0.0.0:8080" func="main.start()" file="main.go:70"
time="2024-07-09T17:56:17+03:00" level=info msg="сервер запущен" func="main.start()" file="main.go:84"
time="2024-07-09T17:57:09+03:00" level=info msg="чтение конфига" func="rest-api-server/internal/config.GetConfig.func1()" file="config.go:25"
time="2024-07-09T17:57:09+03:00" level=info msg="Создание роутера" func="main.main()" file="main.go:26"
time="2024-07-09T17:57:09+03:00" level=info msg="создание листинга tcp" func="main.start()" file="main.go:67"
time="2024-07-09T17:57:09+03:00" level=info msg="сервер запущен на 0.0.0.0:8080" func="main.start()" file="main.go:69"
time="2024-07-09T17:57:29+03:00" level=info msg="чтение конфига" func="rest-api-server/internal/config.GetConfig.func1()" file="config.go:25"
time="2024-07-09T17:57:29+03:00" level=info msg="Создание роутера" func="main.main()" file="main.go:26"
time="2024-07-09T17:57:29+03:00" level=info msg="создание листинга сокета" func="main.start()" file="main.go:59"
time="2024-07-09T17:57:29+03:00" level=info msg="создание юниксов" func="main.start()" file="main.go:62"
time="2024-07-09T17:57:29+03:00" level=info msg="сервер запущен на сокете C:\\Users\\123\\AppData\\Local\\Temp\\go-build2843805267\\b001\\exe/app.sock" func="main.start()" file="main.go:64"
time="2024-07-09T18:08:11+03:00" level=info msg="чтение конфига" func="rest-api-server/internal/config.GetConfig.func1()" file="config.go:25"
time="2024-07-09T18:08:11+03:00" level=info msg="Создание роутера" func="main.main()" file="main.go:26"
time="2024-07-09T18:08:11+03:00" level=info msg="создание листинга сокета" func="main.start()" file="main.go:59"
time="2024-07-09T18:08:11+03:00" level=info msg="создание юниксов" func="main.start()" file="main.go:62"
time="2024-07-09T18:08:11+03:00" level=info msg="сервер запущен на сокете C:\\Users\\123\\AppData\\Local\\Temp\\go-build29560011\\b001\\exe\\app.sock" func="main.start()" file="main.go:64"
time="2024-07-09T18:08:47+03:00" level=info msg="чтение конфига" func="rest-api-server/internal/config.GetConfig.func1()" file="config.go:25"
time="2024-07-09T18:08:47+03:00" level=info msg="Создание роутера" func="main.main()" file="main.go:26"
time="2024-07-09T18:08:47+03:00" level=info msg="создание листинга сокета" func="main.start()" file="main.go:59"
time="2024-07-09T18:08:47+03:00" level=info msg="создание юниксов" func="main.start()" file="main.go:63"
time="2024-07-09T18:08:47+03:00" level=info msg="сервер запущен на сокете C:\\Users\\123\\AppData\\Local\\Temp\\go-build1753451774\\b001\\exe\\app.sock" func="main.start()" file="main.go:65"
time="2024-07-09T18:11:28+03:00" level=info msg="чтение конфига" func="rest-api-server/internal/config.GetConfig.func1()" file="config.go:25"
time="2024-07-09T18:11:28+03:00" level=info msg="Создание роутера" func="main.main()" file="main.go:27"
time="2024-07-09T18:11:28+03:00" level=info msg="создание листинга сокета" func="main.start()" file="main.go:60"
time="2024-07-09T18:11:28+03:00" level=info msg="создание юниксов" func="main.start()" file="main.go:65"
time="2024-07-09T18:11:28+03:00" level=info msg="сервер запущен на сокете C:\\Users\\123\\AppData\\Local\\Temp\\go-build3918689489\\b001\\exe\\app.sock" func="main.start()" file="main.go:67"
time="2024-07-09T18:11:44+03:00" level=info msg="чтение конфига" func="rest-api-server/internal/config.GetConfig.func1()" file="config.go:25"
time="2024-07-09T18:11:44+03:00" level=info msg="Создание роутера" func="main.main()" file="main.go:27"
time="2024-07-09T18:11:44+03:00" level=info msg="создание листинга сокета" func="main.start()" file="main.go:60"
time="2024-07-09T18:11:44+03:00" level=info msg="создание юниксов" func="main.start()" file="main.go:65"
time="2024-07-09T18:11:44+03:00" level=info msg="сервер запущен на сокете C:\\Users\\123\\AppData\\Local\\Temp\\go-build3571768012\\b001\\exe\\app.sock" func="main.start()" file="main.go:67"
time="2024-07-09T18:13:22+03:00" level=info msg="чтение конфига" func="rest-api-server/internal/config.GetConfig.func1()" file="config.go:25"
time="2024-07-09T18:13:22+03:00" level=info msg="Создание роутера" func="main.main()" file="main.go:25"
time="2024-07-09T18:13:22+03:00" level=info msg="создание листинга сокета" func="main.start()" file="main.go:58"
time="2024-07-09T18:13:22+03:00" level=info msg="создание юниксов" func="main.start()" file="main.go:60"
time="2024-07-09T18:13:22+03:00" level=info msg="сервер запущен на сокете C:\\Users\\123\\AppData\\Local\\Temp\\go-build3594745882\\b001\\exe\\app.sock" func="main.start()" file="main.go:62"
time="2024-07-09T18:14:06+03:00" level=info msg="чтение конфига" func="rest-api-server/internal/config.GetConfig.func1()" file="config.go:25"
time="2024-07-09T18:14:06+03:00" level=info msg="Создание роутера" func="main.main()" file="main.go:26"
time="2024-07-09T18:14:06+03:00" level=info msg="создание листинга сокета" func="main.start()" file="main.go:59"
time="2024-07-09T18:14:06+03:00" level=info msg="создание юниксов" func="main.start()" file="main.go:64"
time="2024-07-09T18:14:06+03:00" level=info msg="сервер запущен на сокете C:\\Users\\123\\AppData\\Local\\Temp\\go-build1314833485\\b001\\exe\\app.sock" func="main.start()" file="main.go:66"
time="2024-07-09T18:18:56+03:00" level=info msg="чтение конфига" func="rest-api-server/internal/config.GetConfig.func1()" file="config.go:25"
time="2024-07-09T18:18:56+03:00" level=info msg="Создание роутера" func="main.main()" file="main.go:25"
time="2024-07-09T18:18:56+03:00" level=info msg="создание листинга сокета" func="main.start()" file="main.go:58"
time="2024-07-09T18:18:56+03:00" level=info msg="создание юниксов" func="main.start()" file="main.go:61"
time="2024-07-09T18:18:56+03:00" level=info msg="сервер запущен на сокете C:\\Users\\123\\AppData\\Local\\Temp\\go-build292803122\\b001\\exe\\app.sock" func="main.start()" file="main.go:63"
time="2024-07-09T18:19:15+03:00" level=info msg="чтение конфига" func="rest-api-server/internal/config.GetConfig.func1()" file="config.go:25"
time="2024-07-09T18:19:15+03:00" level=info msg="Создание роутера" func="main.main()" file="main.go:26"
time="2024-07-09T18:19:15+03:00" level=info msg="создание листинга сокета" func="main.start()" file="main.go:59"
time="2024-07-09T18:19:15+03:00" level=info msg="создание юниксов" func="main.start()" file="main.go:62"
time="2024-07-09T18:19:15+03:00" level=info msg="сервер запущен на сокете C:\\Users\\123\\AppData\\Local\\Temp\\go-build2915551478\\b001\\exe/app.sock" func="main.start()" file="main.go:64"
time="2024-07-11T17:18:04+03:00" level=info msg="чтение конфига" func="rest-api-server/internal/config.GetConfig.func1()" file="config.go:31"
time="2024-07-11T17:18:04+03:00" level=info msg="Создание роутера" func="main.main()" file="main.go:25"
time="2024-07-11T17:18:04+03:00" level=info msg="создание листинга tcp" func="main.start()" file="main.go:82"
time="2024-07-11T17:18:04+03:00" level=info msg="сервер запущен на 0.0.0.0:8080" func="main.start()" file="main.go:84"
time="2024-07-20T20:27:55+03:00" level=info msg="чтение конфига" func="rest-api-server/internal/config.GetConfig.func1()" file="config.go:31"
time="2024-07-20T20:27:55+03:00" level=info msg="Создание роутера" func="main.main()" file="main.go:25"
time="2024-07-20T20:27:55+03:00" level=info msg="возвращение структуры обработчика" func="rest-api-server/internal/user.NewHandler()" file="handler.go:26"
time="2024-07-20T20:28:22+03:00" level=info msg="чтение конфига" func="rest-api-server/internal/config.GetConfig.func1()" file="config.go:31"
time="2024-07-20T20:28:22+03:00" level=info msg="Создание роутера" func="main.main()" file="main.go:25"
time="2024-07-20T20:28:22+03:00" level=info msg="возвращение структуры обработчика" func="rest-api-server/internal/user.NewHandler()" file="handler.go:26"
